/*C3*/SET SCHEMA PUBLIC
DISCONNECT
/*C4*/SET SCHEMA PUBLIC
DISCONNECT
/*C5*/SET SCHEMA PUBLIC
DISCONNECT
/*C6*/SET SCHEMA PUBLIC
ALTER TABLE PUBLIC.MATERIAS ALTER COLUMN IDESTADOMATERIA SET NOT NULL
DISCONNECT
/*C7*/SET SCHEMA PUBLIC
CREATE INDEX IDX_MATERIAS ON PUBLIC.MATERIAS ( IDESTADOMATERIA )
ALTER TABLE PUBLIC.MATERIAS ADD CONSTRAINT FK_MATERIAS FOREIGN KEY ( IDESTADOMATERIA ) REFERENCES PUBLIC.ESTADOSMATERIAS( ID ) ON DELETE NO ACTION ON UPDATE NO ACTION
DISCONNECT
/*C8*/SET SCHEMA PUBLIC
ALTER TABLE PUBLIC.MATERIAS ALTER COLUMN IDDOCENTETITULAR SET NOT NULL
DISCONNECT
/*C9*/SET SCHEMA PUBLIC
CREATE INDEX IDX_MATERIAS_0 ON PUBLIC.MATERIAS ( IDDOCENTETITULAR )
ALTER TABLE PUBLIC.MATERIAS ADD CONSTRAINT FK_MATERIAS_0 FOREIGN KEY ( IDDOCENTETITULAR ) REFERENCES PUBLIC.USUARIOS( ID ) ON DELETE NO ACTION ON UPDATE NO ACTION
DISCONNECT
/*C10*/SET SCHEMA PUBLIC
ALTER TABLE PUBLIC.USUARIOS ALTER COLUMN IDESTADOUSUARIO SET NOT NULL
DISCONNECT
/*C11*/SET SCHEMA PUBLIC
CREATE INDEX IDX_USUARIOS ON PUBLIC.USUARIOS ( IDESTADOUSUARIO )
ALTER TABLE PUBLIC.USUARIOS ADD CONSTRAINT FK_USUARIOS FOREIGN KEY ( IDESTADOUSUARIO ) REFERENCES PUBLIC.ESTADOSUSUARIOS( ID ) ON DELETE NO ACTION ON UPDATE NO ACTION
DISCONNECT
/*C12*/SET SCHEMA PUBLIC
ALTER TABLE PUBLIC.EXAMENES ALTER COLUMN IDESTADOEXAMEN SET NOT NULL
DISCONNECT
/*C13*/SET SCHEMA PUBLIC
CREATE INDEX IDX_EXAMENES ON PUBLIC.EXAMENES ( IDESTADOEXAMEN )
ALTER TABLE PUBLIC.EXAMENES ADD CONSTRAINT FK_EXAMENES FOREIGN KEY ( IDESTADOEXAMEN ) REFERENCES PUBLIC.ESTADOSEXAMENES( ID ) ON DELETE NO ACTION ON UPDATE NO ACTION
DISCONNECT
/*C14*/SET SCHEMA PUBLIC
ALTER TABLE PUBLIC.TIPOSRESPUESTAS ALTER COLUMN ID integer 
ALTER TABLE PUBLIC.TIPOSRESPUESTAS ADD CONSTRAINT PK_TIPOSRESPUESTAS PRIMARY KEY ( ID ) 
DISCONNECT
/*C15*/SET SCHEMA PUBLIC
CREATE INDEX IDX_RESPUESTAS ON PUBLIC.RESPUESTAS ( IDPREGUNTA )
ALTER TABLE PUBLIC.RESPUESTAS ADD CONSTRAINT FK_RESPUESTAS FOREIGN KEY ( IDPREGUNTA ) REFERENCES PUBLIC.PREGUNTAS( ID ) ON DELETE NO ACTION ON UPDATE NO ACTION
DISCONNECT
/*C16*/SET SCHEMA PUBLIC
CREATE INDEX IDX_RESPUESTAS_0 ON PUBLIC.RESPUESTAS ( IDTIPORESPUESTA )
ALTER TABLE PUBLIC.RESPUESTAS ADD CONSTRAINT FK_RESPUESTAS_0 FOREIGN KEY ( IDTIPORESPUESTA ) REFERENCES PUBLIC.TIPOSRESPUESTAS( ID ) ON DELETE NO ACTION ON UPDATE NO ACTION
DISCONNECT
/*C17*/SET SCHEMA PUBLIC
DISCONNECT
/*C18*/SET SCHEMA PUBLIC
DISCONNECT
/*C19*/SET SCHEMA PUBLIC
CREATE INDEX IDX_ROLESUSUARIOS ON PUBLIC.ROLESUSUARIOS ( IDROL )
ALTER TABLE PUBLIC.ROLESUSUARIOS ADD CONSTRAINT FK_ROLESUSUARIOS FOREIGN KEY ( IDROL ) REFERENCES PUBLIC.ROLES( ID ) ON DELETE NO ACTION ON UPDATE NO ACTION
DISCONNECT
/*C20*/SET SCHEMA PUBLIC
CREATE INDEX IDX_ROLESUSUARIOS_0 ON PUBLIC.ROLESUSUARIOS ( IDUSUARIO )
ALTER TABLE PUBLIC.ROLESUSUARIOS ADD CONSTRAINT FK_ROLESUSUARIOS_0 FOREIGN KEY ( IDUSUARIO ) REFERENCES PUBLIC.USUARIOS( ID ) ON DELETE NO ACTION ON UPDATE NO ACTION
DISCONNECT
/*C21*/SET SCHEMA PUBLIC
CREATE INDEX IDX_PREGUNTAS ON PUBLIC.PREGUNTAS ( IDEXAMEN )
ALTER TABLE PUBLIC.PREGUNTAS ADD CONSTRAINT FK_PREGUNTAS FOREIGN KEY ( IDEXAMEN ) REFERENCES PUBLIC.EXAMENES( ID ) ON DELETE NO ACTION ON UPDATE NO ACTION
DISCONNECT
/*C22*/SET SCHEMA PUBLIC
ALTER TABLE PUBLIC.EXAMENES ALTER COLUMN IDMATERIA SET NOT NULL
DISCONNECT
/*C23*/SET SCHEMA PUBLIC
CREATE INDEX IDX_EXAMENES_0 ON PUBLIC.EXAMENES ( IDMATERIA )
ALTER TABLE PUBLIC.EXAMENES ADD CONSTRAINT FK_EXAMENES_0 FOREIGN KEY ( IDMATERIA ) REFERENCES PUBLIC.MATERIAS( ID ) ON DELETE NO ACTION ON UPDATE NO ACTION
DISCONNECT
/*C24*/SET SCHEMA PUBLIC
CREATE TABLE PUBLIC.MATERIAALUMNO ( \u000a\u0009IDALUMNO             integer   NOT NULL,\u000a\u0009IDMATERIA            integer   \u000a ) 
DISCONNECT
/*C25*/SET SCHEMA PUBLIC
CREATE INDEX IDX_MATERIAALUMNO ON PUBLIC.MATERIAALUMNO ( IDALUMNO )
ALTER TABLE PUBLIC.MATERIAALUMNO ADD CONSTRAINT FK_MATERIAALUMNO FOREIGN KEY ( IDALUMNO ) REFERENCES PUBLIC.USUARIOS( ID ) ON DELETE NO ACTION ON UPDATE NO ACTION
DISCONNECT
/*C26*/SET SCHEMA PUBLIC
CREATE INDEX IDX_MATERIAALUMNO_0 ON PUBLIC.MATERIAALUMNO ( IDMATERIA )
ALTER TABLE PUBLIC.MATERIAALUMNO ADD CONSTRAINT FK_MATERIAALUMNO_0 FOREIGN KEY ( IDMATERIA ) REFERENCES PUBLIC.MATERIAS( ID ) ON DELETE NO ACTION ON UPDATE NO ACTION
DISCONNECT
/*C27*/SET SCHEMA PUBLIC
DISCONNECT
/*C28*/SET SCHEMA PUBLIC
DISCONNECT
/*C29*/SET SCHEMA PUBLIC
DISCONNECT
/*C30*/SET SCHEMA PUBLIC
DISCONNECT
/*C31*/SET SCHEMA PUBLIC
DISCONNECT
/*C32*/SET SCHEMA PUBLIC
DISCONNECT
/*C33*/SET SCHEMA PUBLIC
DISCONNECT
